!SESSION 2015-01-03 16:39:18.961 -----------------------------------------------
eclipse.buildId=unknown
java.version=1.7.0_10
java.vendor=Oracle Corporation
BootLoader constants: OS=win32, ARCH=x86_64, WS=win32, NL=de_DE
Framework arguments:  -product org.eclipse.emf.ecp.application.e3.product -EMFStoreHome=C:\Users\Chris\workspace_EMFTrace
Command-line arguments:  -product org.eclipse.emf.ecp.application.e3.product -data C:\Users\Chris\workspace_EMFTrace/../runtime-EMFTraceClient -dev file:C:/Users/Chris/workspace_EMFTrace/.metadata/.plugins/org.eclipse.pde.core/EMFTrace Client/dev.properties -os win32 -ws win32 -arch x86_64 -consoleLog -EMFStoreHome=C:\Users\Chris\workspace_EMFTrace

!ENTRY org.eclipse.equinox.app 0 0 2015-01-03 16:39:19.929
!MESSAGE Product org.eclipse.emf.ecp.application.e3.product could not be found.

!ENTRY org.eclipse.osgi 4 0 2015-01-03 16:39:20.047
!MESSAGE Application error
!STACK 1
java.lang.RuntimeException: No application id has been found.
	at org.eclipse.equinox.internal.app.EclipseAppContainer.startDefaultApp(EclipseAppContainer.java:242)
	at org.eclipse.equinox.internal.app.MainApplicationLauncher.run(MainApplicationLauncher.java:29)
	at org.eclipse.core.runtime.internal.adaptor.EclipseAppLauncher.runApplication(EclipseAppLauncher.java:110)
	at org.eclipse.core.runtime.internal.adaptor.EclipseAppLauncher.start(EclipseAppLauncher.java:79)
	at org.eclipse.core.runtime.adaptor.EclipseStarter.run(EclipseStarter.java:354)
	at org.eclipse.core.runtime.adaptor.EclipseStarter.run(EclipseStarter.java:181)
	at sun.reflect.NativeMethodAccessorImpl.invoke0(Native Method)
	at sun.reflect.NativeMethodAccessorImpl.invoke(Unknown Source)
	at sun.reflect.DelegatingMethodAccessorImpl.invoke(Unknown Source)
	at java.lang.reflect.Method.invoke(Unknown Source)
	at org.eclipse.equinox.launcher.Main.invokeFramework(Main.java:636)
	at org.eclipse.equinox.launcher.Main.basicRun(Main.java:591)
	at org.eclipse.equinox.launcher.Main.run(Main.java:1450)
	at org.eclipse.equinox.launcher.Main.main(Main.java:1426)
